ERROR - 2024-09-23 01:10:04 --> mysqli_sql_exception: Unknown column 'users.username' in 'field list' in C:\xampp\htdocs\radiologi2\system\Database\MySQLi\Connection.php:312
Stack trace:
#0 C:\xampp\htdocs\radiologi2\system\Database\MySQLi\Connection.php(312): mysqli->query('SELECT `images`...', 0)
#1 C:\xampp\htdocs\radiologi2\system\Database\BaseConnection.php(734): CodeIgniter\Database\MySQLi\Connection->execute('SELECT `images`...')
#2 C:\xampp\htdocs\radiologi2\system\Database\BaseConnection.php(648): CodeIgniter\Database\BaseConnection->simpleQuery('SELECT `images`...')
#3 C:\xampp\htdocs\radiologi2\system\Database\BaseBuilder.php(1644): CodeIgniter\Database\BaseConnection->query('SELECT `images`...', Array, false)
#4 C:\xampp\htdocs\radiologi2\system\Model.php(286): CodeIgniter\Database\BaseBuilder->get()
#5 C:\xampp\htdocs\radiologi2\system\BaseModel.php(676): CodeIgniter\Model->doFindAll(0, 0)
#6 C:\xampp\htdocs\radiologi2\app\Controllers\ImageController.php(21): CodeIgniter\BaseModel->findAll()
#7 C:\xampp\htdocs\radiologi2\system\CodeIgniter.php(933): App\Controllers\ImageController->index()
#8 C:\xampp\htdocs\radiologi2\system\CodeIgniter.php(509): CodeIgniter\CodeIgniter->runController(Object(App\Controllers\ImageController))
#9 C:\xampp\htdocs\radiologi2\system\CodeIgniter.php(355): CodeIgniter\CodeIgniter->handleRequest(NULL, Object(Config\Cache), false)
#10 C:\xampp\htdocs\radiologi2\system\Boot.php(325): CodeIgniter\CodeIgniter->run()
#11 C:\xampp\htdocs\radiologi2\system\Boot.php(67): CodeIgniter\Boot::runCodeIgniter(Object(CodeIgniter\CodeIgniter))
#12 C:\xampp\htdocs\radiologi2\public\index.php(56): CodeIgniter\Boot::bootWeb(Object(Config\Paths))
#13 C:\xampp\htdocs\radiologi2\system\rewrite.php(44): require_once('C:\\xampp\\htdocs...')
#14 {main}
CRITICAL - 2024-09-23 01:10:04 --> CodeIgniter\Database\Exceptions\DatabaseException: Unknown column 'users.username' in 'field list'
[Method: GET, Route: radiologer]
in SYSTEMPATH\Database\BaseConnection.php on line 688.
 1 SYSTEMPATH\Database\BaseBuilder.php(1644): CodeIgniter\Database\BaseConnection->query('SELECT `images`.*, `patients`.`name` as `patient_name`, `users`.`username` as `radiologer_name`
FROM `images`
JOIN `patients` ON `patients`.`id` = `images`.`patient_id`
JOIN `users` ON `users`.`id` = `images`.`radiologist_id`', [], false)
 2 SYSTEMPATH\Model.php(286): CodeIgniter\Database\BaseBuilder->get()
 3 SYSTEMPATH\BaseModel.php(676): CodeIgniter\Model->doFindAll(0, 0)
 4 APPPATH\Controllers\ImageController.php(21): CodeIgniter\BaseModel->findAll()
 5 SYSTEMPATH\CodeIgniter.php(933): App\Controllers\ImageController->index()
 6 SYSTEMPATH\CodeIgniter.php(509): CodeIgniter\CodeIgniter->runController(Object(App\Controllers\ImageController))
 7 SYSTEMPATH\CodeIgniter.php(355): CodeIgniter\CodeIgniter->handleRequest(null, Object(Config\Cache), false)
 8 SYSTEMPATH\Boot.php(325): CodeIgniter\CodeIgniter->run()
 9 SYSTEMPATH\Boot.php(67): CodeIgniter\Boot::runCodeIgniter(Object(CodeIgniter\CodeIgniter))
10 FCPATH\index.php(56): CodeIgniter\Boot::bootWeb(Object(Config\Paths))
11 SYSTEMPATH\rewrite.php(44): require_once('C:\\xampp\\htdocs\\radiologi2\\public\\index.php')
CRITICAL - 2024-09-23 01:10:04 --> [Caused by] CodeIgniter\Database\Exceptions\DatabaseException: Unknown column 'users.username' in 'field list'
in SYSTEMPATH\Database\MySQLi\Connection.php on line 317.
 1 SYSTEMPATH\Database\BaseConnection.php(734): CodeIgniter\Database\MySQLi\Connection->execute('SELECT `images`.*, `patients`.`name` as `patient_name`, `users`.`username` as `radiologer_name`
FROM `images`
JOIN `patients` ON `patients`.`id` = `images`.`patient_id`
JOIN `users` ON `users`.`id` = `images`.`radiologist_id`')
 2 SYSTEMPATH\Database\BaseConnection.php(648): CodeIgniter\Database\BaseConnection->simpleQuery('SELECT `images`.*, `patients`.`name` as `patient_name`, `users`.`username` as `radiologer_name`
FROM `images`
JOIN `patients` ON `patients`.`id` = `images`.`patient_id`
JOIN `users` ON `users`.`id` = `images`.`radiologist_id`')
 3 SYSTEMPATH\Database\BaseBuilder.php(1644): CodeIgniter\Database\BaseConnection->query('SELECT `images`.*, `patients`.`name` as `patient_name`, `users`.`username` as `radiologer_name`
FROM `images`
JOIN `patients` ON `patients`.`id` = `images`.`patient_id`
JOIN `users` ON `users`.`id` = `images`.`radiologist_id`', [], false)
 4 SYSTEMPATH\Model.php(286): CodeIgniter\Database\BaseBuilder->get()
 5 SYSTEMPATH\BaseModel.php(676): CodeIgniter\Model->doFindAll(0, 0)
 6 APPPATH\Controllers\ImageController.php(21): CodeIgniter\BaseModel->findAll()
 7 SYSTEMPATH\CodeIgniter.php(933): App\Controllers\ImageController->index()
 8 SYSTEMPATH\CodeIgniter.php(509): CodeIgniter\CodeIgniter->runController(Object(App\Controllers\ImageController))
 9 SYSTEMPATH\CodeIgniter.php(355): CodeIgniter\CodeIgniter->handleRequest(null, Object(Config\Cache), false)
10 SYSTEMPATH\Boot.php(325): CodeIgniter\CodeIgniter->run()
11 SYSTEMPATH\Boot.php(67): CodeIgniter\Boot::runCodeIgniter(Object(CodeIgniter\CodeIgniter))
12 FCPATH\index.php(56): CodeIgniter\Boot::bootWeb(Object(Config\Paths))
13 SYSTEMPATH\rewrite.php(44): require_once('C:\\xampp\\htdocs\\radiologi2\\public\\index.php')
CRITICAL - 2024-09-23 01:10:04 --> [Caused by] mysqli_sql_exception: Unknown column 'users.username' in 'field list'
in SYSTEMPATH\Database\MySQLi\Connection.php on line 312.
 1 SYSTEMPATH\Database\MySQLi\Connection.php(312): mysqli->query('SELECT `images`.*, `patients`.`name` as `patient_name`, `users`.`username` as `radiologer_name`
FROM `images`
JOIN `patients` ON `patients`.`id` = `images`.`patient_id`
JOIN `users` ON `users`.`id` = `images`.`radiologist_id`', 0)
 2 SYSTEMPATH\Database\BaseConnection.php(734): CodeIgniter\Database\MySQLi\Connection->execute('SELECT `images`.*, `patients`.`name` as `patient_name`, `users`.`username` as `radiologer_name`
FROM `images`
JOIN `patients` ON `patients`.`id` = `images`.`patient_id`
JOIN `users` ON `users`.`id` = `images`.`radiologist_id`')
 3 SYSTEMPATH\Database\BaseConnection.php(648): CodeIgniter\Database\BaseConnection->simpleQuery('SELECT `images`.*, `patients`.`name` as `patient_name`, `users`.`username` as `radiologer_name`
FROM `images`
JOIN `patients` ON `patients`.`id` = `images`.`patient_id`
JOIN `users` ON `users`.`id` = `images`.`radiologist_id`')
 4 SYSTEMPATH\Database\BaseBuilder.php(1644): CodeIgniter\Database\BaseConnection->query('SELECT `images`.*, `patients`.`name` as `patient_name`, `users`.`username` as `radiologer_name`
FROM `images`
JOIN `patients` ON `patients`.`id` = `images`.`patient_id`
JOIN `users` ON `users`.`id` = `images`.`radiologist_id`', [], false)
 5 SYSTEMPATH\Model.php(286): CodeIgniter\Database\BaseBuilder->get()
 6 SYSTEMPATH\BaseModel.php(676): CodeIgniter\Model->doFindAll(0, 0)
 7 APPPATH\Controllers\ImageController.php(21): CodeIgniter\BaseModel->findAll()
 8 SYSTEMPATH\CodeIgniter.php(933): App\Controllers\ImageController->index()
 9 SYSTEMPATH\CodeIgniter.php(509): CodeIgniter\CodeIgniter->runController(Object(App\Controllers\ImageController))
10 SYSTEMPATH\CodeIgniter.php(355): CodeIgniter\CodeIgniter->handleRequest(null, Object(Config\Cache), false)
11 SYSTEMPATH\Boot.php(325): CodeIgniter\CodeIgniter->run()
12 SYSTEMPATH\Boot.php(67): CodeIgniter\Boot::runCodeIgniter(Object(CodeIgniter\CodeIgniter))
13 FCPATH\index.php(56): CodeIgniter\Boot::bootWeb(Object(Config\Paths))
14 SYSTEMPATH\rewrite.php(44): require_once('C:\\xampp\\htdocs\\radiologi2\\public\\index.php')
CRITICAL - 2024-09-23 01:10:53 --> ErrorException: Undefined array key "name"
[Method: GET, Route: radiologer/addPatient]
in APPPATH\Views\add_patient.php on line 36.
 1 APPPATH\Views\add_patient.php(36): CodeIgniter\Debug\Exceptions->errorHandler(2, 'Undefined array key "name"', 'C:\\xampp\\htdocs\\radiologi2\\app\\Views\\add_patient.php', 36)
 2 SYSTEMPATH\View\View.php(234): include('C:\\xampp\\htdocs\\radiologi2\\app\\Views\\add_patient.php')
 3 SYSTEMPATH\View\View.php(237): CodeIgniter\View\View->CodeIgniter\View\{closure}()
 4 SYSTEMPATH\Common.php(1169): CodeIgniter\View\View->render('add_patient', [], true)
 5 APPPATH\Controllers\ImageController.php(48): view('add_patient', [...])
 6 SYSTEMPATH\CodeIgniter.php(933): App\Controllers\ImageController->addPatient()
 7 SYSTEMPATH\CodeIgniter.php(509): CodeIgniter\CodeIgniter->runController(Object(App\Controllers\ImageController))
 8 SYSTEMPATH\CodeIgniter.php(355): CodeIgniter\CodeIgniter->handleRequest(null, Object(Config\Cache), false)
 9 SYSTEMPATH\Boot.php(325): CodeIgniter\CodeIgniter->run()
10 SYSTEMPATH\Boot.php(67): CodeIgniter\Boot::runCodeIgniter(Object(CodeIgniter\CodeIgniter))
11 FCPATH\index.php(56): CodeIgniter\Boot::bootWeb(Object(Config\Paths))
12 SYSTEMPATH\rewrite.php(44): require_once('C:\\xampp\\htdocs\\radiologi2\\public\\index.php')
CRITICAL - 2024-09-23 01:12:39 --> ErrorException: Undefined array key "name"
[Method: GET, Route: radiologer/addPatient]
in APPPATH\Views\add_patient.php on line 36.
 1 APPPATH\Views\add_patient.php(36): CodeIgniter\Debug\Exceptions->errorHandler(2, 'Undefined array key "name"', 'C:\\xampp\\htdocs\\radiologi2\\app\\Views\\add_patient.php', 36)
 2 SYSTEMPATH\View\View.php(234): include('C:\\xampp\\htdocs\\radiologi2\\app\\Views\\add_patient.php')
 3 SYSTEMPATH\View\View.php(237): CodeIgniter\View\View->CodeIgniter\View\{closure}()
 4 SYSTEMPATH\Common.php(1169): CodeIgniter\View\View->render('add_patient', [], true)
 5 APPPATH\Controllers\ImageController.php(48): view('add_patient', [...])
 6 SYSTEMPATH\CodeIgniter.php(933): App\Controllers\ImageController->addPatient()
 7 SYSTEMPATH\CodeIgniter.php(509): CodeIgniter\CodeIgniter->runController(Object(App\Controllers\ImageController))
 8 SYSTEMPATH\CodeIgniter.php(355): CodeIgniter\CodeIgniter->handleRequest(null, Object(Config\Cache), false)
 9 SYSTEMPATH\Boot.php(325): CodeIgniter\CodeIgniter->run()
10 SYSTEMPATH\Boot.php(67): CodeIgniter\Boot::runCodeIgniter(Object(CodeIgniter\CodeIgniter))
11 FCPATH\index.php(56): CodeIgniter\Boot::bootWeb(Object(Config\Paths))
12 SYSTEMPATH\rewrite.php(44): require_once('C:\\xampp\\htdocs\\radiologi2\\public\\index.php')
CRITICAL - 2024-09-23 01:12:42 --> ErrorException: Undefined array key "name"
[Method: GET, Route: radiologer/addPatient]
in APPPATH\Views\add_patient.php on line 36.
 1 APPPATH\Views\add_patient.php(36): CodeIgniter\Debug\Exceptions->errorHandler(2, 'Undefined array key "name"', 'C:\\xampp\\htdocs\\radiologi2\\app\\Views\\add_patient.php', 36)
 2 SYSTEMPATH\View\View.php(234): include('C:\\xampp\\htdocs\\radiologi2\\app\\Views\\add_patient.php')
 3 SYSTEMPATH\View\View.php(237): CodeIgniter\View\View->CodeIgniter\View\{closure}()
 4 SYSTEMPATH\Common.php(1169): CodeIgniter\View\View->render('add_patient', [], true)
 5 APPPATH\Controllers\ImageController.php(48): view('add_patient', [...])
 6 SYSTEMPATH\CodeIgniter.php(933): App\Controllers\ImageController->addPatient()
 7 SYSTEMPATH\CodeIgniter.php(509): CodeIgniter\CodeIgniter->runController(Object(App\Controllers\ImageController))
 8 SYSTEMPATH\CodeIgniter.php(355): CodeIgniter\CodeIgniter->handleRequest(null, Object(Config\Cache), false)
 9 SYSTEMPATH\Boot.php(325): CodeIgniter\CodeIgniter->run()
10 SYSTEMPATH\Boot.php(67): CodeIgniter\Boot::runCodeIgniter(Object(CodeIgniter\CodeIgniter))
11 FCPATH\index.php(56): CodeIgniter\Boot::bootWeb(Object(Config\Paths))
12 SYSTEMPATH\rewrite.php(44): require_once('C:\\xampp\\htdocs\\radiologi2\\public\\index.php')
CRITICAL - 2024-09-23 01:16:51 --> ErrorException: Undefined array key "name"
[Method: GET, Route: radiologer/addPatient]
in APPPATH\Views\add_patient.php on line 36.
 1 APPPATH\Views\add_patient.php(36): CodeIgniter\Debug\Exceptions->errorHandler(2, 'Undefined array key "name"', 'C:\\xampp\\htdocs\\radiologi2\\app\\Views\\add_patient.php', 36)
 2 SYSTEMPATH\View\View.php(234): include('C:\\xampp\\htdocs\\radiologi2\\app\\Views\\add_patient.php')
 3 SYSTEMPATH\View\View.php(237): CodeIgniter\View\View->CodeIgniter\View\{closure}()
 4 SYSTEMPATH\Common.php(1169): CodeIgniter\View\View->render('add_patient', [], true)
 5 APPPATH\Controllers\ImageController.php(48): view('add_patient', [...])
 6 SYSTEMPATH\CodeIgniter.php(933): App\Controllers\ImageController->addPatient()
 7 SYSTEMPATH\CodeIgniter.php(509): CodeIgniter\CodeIgniter->runController(Object(App\Controllers\ImageController))
 8 SYSTEMPATH\CodeIgniter.php(355): CodeIgniter\CodeIgniter->handleRequest(null, Object(Config\Cache), false)
 9 SYSTEMPATH\Boot.php(325): CodeIgniter\CodeIgniter->run()
10 SYSTEMPATH\Boot.php(67): CodeIgniter\Boot::runCodeIgniter(Object(CodeIgniter\CodeIgniter))
11 FCPATH\index.php(56): CodeIgniter\Boot::bootWeb(Object(Config\Paths))
12 SYSTEMPATH\rewrite.php(44): require_once('C:\\xampp\\htdocs\\radiologi2\\public\\index.php')
CRITICAL - 2024-09-23 01:16:54 --> ErrorException: Undefined array key "name"
[Method: GET, Route: radiologer/addPatient]
in APPPATH\Views\add_patient.php on line 36.
 1 APPPATH\Views\add_patient.php(36): CodeIgniter\Debug\Exceptions->errorHandler(2, 'Undefined array key "name"', 'C:\\xampp\\htdocs\\radiologi2\\app\\Views\\add_patient.php', 36)
 2 SYSTEMPATH\View\View.php(234): include('C:\\xampp\\htdocs\\radiologi2\\app\\Views\\add_patient.php')
 3 SYSTEMPATH\View\View.php(237): CodeIgniter\View\View->CodeIgniter\View\{closure}()
 4 SYSTEMPATH\Common.php(1169): CodeIgniter\View\View->render('add_patient', [], true)
 5 APPPATH\Controllers\ImageController.php(48): view('add_patient', [...])
 6 SYSTEMPATH\CodeIgniter.php(933): App\Controllers\ImageController->addPatient()
 7 SYSTEMPATH\CodeIgniter.php(509): CodeIgniter\CodeIgniter->runController(Object(App\Controllers\ImageController))
 8 SYSTEMPATH\CodeIgniter.php(355): CodeIgniter\CodeIgniter->handleRequest(null, Object(Config\Cache), false)
 9 SYSTEMPATH\Boot.php(325): CodeIgniter\CodeIgniter->run()
10 SYSTEMPATH\Boot.php(67): CodeIgniter\Boot::runCodeIgniter(Object(CodeIgniter\CodeIgniter))
11 FCPATH\index.php(56): CodeIgniter\Boot::bootWeb(Object(Config\Paths))
12 SYSTEMPATH\rewrite.php(44): require_once('C:\\xampp\\htdocs\\radiologi2\\public\\index.php')
CRITICAL - 2024-09-23 01:17:00 --> ErrorException: Undefined array key "name"
[Method: GET, Route: radiologer/addPatient]
in APPPATH\Views\add_patient.php on line 36.
 1 APPPATH\Views\add_patient.php(36): CodeIgniter\Debug\Exceptions->errorHandler(2, 'Undefined array key "name"', 'C:\\xampp\\htdocs\\radiologi2\\app\\Views\\add_patient.php', 36)
 2 SYSTEMPATH\View\View.php(234): include('C:\\xampp\\htdocs\\radiologi2\\app\\Views\\add_patient.php')
 3 SYSTEMPATH\View\View.php(237): CodeIgniter\View\View->CodeIgniter\View\{closure}()
 4 SYSTEMPATH\Common.php(1169): CodeIgniter\View\View->render('add_patient', [], true)
 5 APPPATH\Controllers\ImageController.php(48): view('add_patient', [...])
 6 SYSTEMPATH\CodeIgniter.php(933): App\Controllers\ImageController->addPatient()
 7 SYSTEMPATH\CodeIgniter.php(509): CodeIgniter\CodeIgniter->runController(Object(App\Controllers\ImageController))
 8 SYSTEMPATH\CodeIgniter.php(355): CodeIgniter\CodeIgniter->handleRequest(null, Object(Config\Cache), false)
 9 SYSTEMPATH\Boot.php(325): CodeIgniter\CodeIgniter->run()
10 SYSTEMPATH\Boot.php(67): CodeIgniter\Boot::runCodeIgniter(Object(CodeIgniter\CodeIgniter))
11 FCPATH\index.php(56): CodeIgniter\Boot::bootWeb(Object(Config\Paths))
12 SYSTEMPATH\rewrite.php(44): require_once('C:\\xampp\\htdocs\\radiologi2\\public\\index.php')
CRITICAL - 2024-09-23 01:19:33 --> ErrorException: Undefined array key "name"
[Method: GET, Route: radiologer/addPatient]
in APPPATH\Views\add_patient.php on line 36.
 1 APPPATH\Views\add_patient.php(36): CodeIgniter\Debug\Exceptions->errorHandler(2, 'Undefined array key "name"', 'C:\\xampp\\htdocs\\radiologi2\\app\\Views\\add_patient.php', 36)
 2 SYSTEMPATH\View\View.php(234): include('C:\\xampp\\htdocs\\radiologi2\\app\\Views\\add_patient.php')
 3 SYSTEMPATH\View\View.php(237): CodeIgniter\View\View->CodeIgniter\View\{closure}()
 4 SYSTEMPATH\Common.php(1169): CodeIgniter\View\View->render('add_patient', [], true)
 5 APPPATH\Controllers\ImageController.php(48): view('add_patient', [...])
 6 SYSTEMPATH\CodeIgniter.php(933): App\Controllers\ImageController->addPatient()
 7 SYSTEMPATH\CodeIgniter.php(509): CodeIgniter\CodeIgniter->runController(Object(App\Controllers\ImageController))
 8 SYSTEMPATH\CodeIgniter.php(355): CodeIgniter\CodeIgniter->handleRequest(null, Object(Config\Cache), false)
 9 SYSTEMPATH\Boot.php(325): CodeIgniter\CodeIgniter->run()
10 SYSTEMPATH\Boot.php(67): CodeIgniter\Boot::runCodeIgniter(Object(CodeIgniter\CodeIgniter))
11 FCPATH\index.php(56): CodeIgniter\Boot::bootWeb(Object(Config\Paths))
12 SYSTEMPATH\rewrite.php(44): require_once('C:\\xampp\\htdocs\\radiologi2\\public\\index.php')
CRITICAL - 2024-09-23 01:19:34 --> ErrorException: Undefined array key "name"
[Method: GET, Route: radiologer/addPatient]
in APPPATH\Views\add_patient.php on line 36.
 1 APPPATH\Views\add_patient.php(36): CodeIgniter\Debug\Exceptions->errorHandler(2, 'Undefined array key "name"', 'C:\\xampp\\htdocs\\radiologi2\\app\\Views\\add_patient.php', 36)
 2 SYSTEMPATH\View\View.php(234): include('C:\\xampp\\htdocs\\radiologi2\\app\\Views\\add_patient.php')
 3 SYSTEMPATH\View\View.php(237): CodeIgniter\View\View->CodeIgniter\View\{closure}()
 4 SYSTEMPATH\Common.php(1169): CodeIgniter\View\View->render('add_patient', [], true)
 5 APPPATH\Controllers\ImageController.php(48): view('add_patient', [...])
 6 SYSTEMPATH\CodeIgniter.php(933): App\Controllers\ImageController->addPatient()
 7 SYSTEMPATH\CodeIgniter.php(509): CodeIgniter\CodeIgniter->runController(Object(App\Controllers\ImageController))
 8 SYSTEMPATH\CodeIgniter.php(355): CodeIgniter\CodeIgniter->handleRequest(null, Object(Config\Cache), false)
 9 SYSTEMPATH\Boot.php(325): CodeIgniter\CodeIgniter->run()
10 SYSTEMPATH\Boot.php(67): CodeIgniter\Boot::runCodeIgniter(Object(CodeIgniter\CodeIgniter))
11 FCPATH\index.php(56): CodeIgniter\Boot::bootWeb(Object(Config\Paths))
12 SYSTEMPATH\rewrite.php(44): require_once('C:\\xampp\\htdocs\\radiologi2\\public\\index.php')
CRITICAL - 2024-09-23 01:21:25 --> ErrorException: Undefined array key "name"
[Method: GET, Route: radiologer/addPatient]
in APPPATH\Views\add_patient.php on line 36.
 1 APPPATH\Views\add_patient.php(36): CodeIgniter\Debug\Exceptions->errorHandler(2, 'Undefined array key "name"', 'C:\\xampp\\htdocs\\radiologi2\\app\\Views\\add_patient.php', 36)
 2 SYSTEMPATH\View\View.php(234): include('C:\\xampp\\htdocs\\radiologi2\\app\\Views\\add_patient.php')
 3 SYSTEMPATH\View\View.php(237): CodeIgniter\View\View->CodeIgniter\View\{closure}()
 4 SYSTEMPATH\Common.php(1169): CodeIgniter\View\View->render('add_patient', [], true)
 5 APPPATH\Controllers\ImageController.php(48): view('add_patient', [...])
 6 SYSTEMPATH\CodeIgniter.php(933): App\Controllers\ImageController->addPatient()
 7 SYSTEMPATH\CodeIgniter.php(509): CodeIgniter\CodeIgniter->runController(Object(App\Controllers\ImageController))
 8 SYSTEMPATH\CodeIgniter.php(355): CodeIgniter\CodeIgniter->handleRequest(null, Object(Config\Cache), false)
 9 SYSTEMPATH\Boot.php(325): CodeIgniter\CodeIgniter->run()
10 SYSTEMPATH\Boot.php(67): CodeIgniter\Boot::runCodeIgniter(Object(CodeIgniter\CodeIgniter))
11 FCPATH\index.php(56): CodeIgniter\Boot::bootWeb(Object(Config\Paths))
12 SYSTEMPATH\rewrite.php(44): require_once('C:\\xampp\\htdocs\\radiologi2\\public\\index.php')
CRITICAL - 2024-09-23 01:21:37 --> ErrorException: Undefined array key "name"
[Method: POST, Route: radiologer/addPatient]
in APPPATH\Views\add_patient.php on line 36.
 1 APPPATH\Views\add_patient.php(36): CodeIgniter\Debug\Exceptions->errorHandler(2, 'Undefined array key "name"', 'C:\\xampp\\htdocs\\radiologi2\\app\\Views\\add_patient.php', 36)
 2 SYSTEMPATH\View\View.php(234): include('C:\\xampp\\htdocs\\radiologi2\\app\\Views\\add_patient.php')
 3 SYSTEMPATH\View\View.php(237): CodeIgniter\View\View->CodeIgniter\View\{closure}()
 4 SYSTEMPATH\Common.php(1169): CodeIgniter\View\View->render('add_patient', [], true)
 5 APPPATH\Controllers\ImageController.php(48): view('add_patient', [...])
 6 SYSTEMPATH\CodeIgniter.php(933): App\Controllers\ImageController->addPatient()
 7 SYSTEMPATH\CodeIgniter.php(509): CodeIgniter\CodeIgniter->runController(Object(App\Controllers\ImageController))
 8 SYSTEMPATH\CodeIgniter.php(355): CodeIgniter\CodeIgniter->handleRequest(null, Object(Config\Cache), false)
 9 SYSTEMPATH\Boot.php(325): CodeIgniter\CodeIgniter->run()
10 SYSTEMPATH\Boot.php(67): CodeIgniter\Boot::runCodeIgniter(Object(CodeIgniter\CodeIgniter))
11 FCPATH\index.php(56): CodeIgniter\Boot::bootWeb(Object(Config\Paths))
12 SYSTEMPATH\rewrite.php(44): require_once('C:\\xampp\\htdocs\\radiologi2\\public\\index.php')
CRITICAL - 2024-09-23 01:24:15 --> ErrorException: Undefined array key "name"
[Method: POST, Route: radiologer/addPatient]
in APPPATH\Views\add_patient.php on line 43.
 1 APPPATH\Views\add_patient.php(43): CodeIgniter\Debug\Exceptions->errorHandler(2, 'Undefined array key "name"', 'C:\\xampp\\htdocs\\radiologi2\\app\\Views\\add_patient.php', 43)
 2 SYSTEMPATH\View\View.php(234): include('C:\\xampp\\htdocs\\radiologi2\\app\\Views\\add_patient.php')
 3 SYSTEMPATH\View\View.php(237): CodeIgniter\View\View->CodeIgniter\View\{closure}()
 4 SYSTEMPATH\Common.php(1169): CodeIgniter\View\View->render('add_patient', [], true)
 5 APPPATH\Controllers\ImageController.php(48): view('add_patient', [...])
 6 SYSTEMPATH\CodeIgniter.php(933): App\Controllers\ImageController->addPatient()
 7 SYSTEMPATH\CodeIgniter.php(509): CodeIgniter\CodeIgniter->runController(Object(App\Controllers\ImageController))
 8 SYSTEMPATH\CodeIgniter.php(355): CodeIgniter\CodeIgniter->handleRequest(null, Object(Config\Cache), false)
 9 SYSTEMPATH\Boot.php(325): CodeIgniter\CodeIgniter->run()
10 SYSTEMPATH\Boot.php(67): CodeIgniter\Boot::runCodeIgniter(Object(CodeIgniter\CodeIgniter))
11 FCPATH\index.php(56): CodeIgniter\Boot::bootWeb(Object(Config\Paths))
12 SYSTEMPATH\rewrite.php(44): require_once('C:\\xampp\\htdocs\\radiologi2\\public\\index.php')
CRITICAL - 2024-09-23 01:24:18 --> ErrorException: Undefined array key "name"
[Method: POST, Route: radiologer/addPatient]
in APPPATH\Views\add_patient.php on line 43.
 1 APPPATH\Views\add_patient.php(43): CodeIgniter\Debug\Exceptions->errorHandler(2, 'Undefined array key "name"', 'C:\\xampp\\htdocs\\radiologi2\\app\\Views\\add_patient.php', 43)
 2 SYSTEMPATH\View\View.php(234): include('C:\\xampp\\htdocs\\radiologi2\\app\\Views\\add_patient.php')
 3 SYSTEMPATH\View\View.php(237): CodeIgniter\View\View->CodeIgniter\View\{closure}()
 4 SYSTEMPATH\Common.php(1169): CodeIgniter\View\View->render('add_patient', [], true)
 5 APPPATH\Controllers\ImageController.php(48): view('add_patient', [...])
 6 SYSTEMPATH\CodeIgniter.php(933): App\Controllers\ImageController->addPatient()
 7 SYSTEMPATH\CodeIgniter.php(509): CodeIgniter\CodeIgniter->runController(Object(App\Controllers\ImageController))
 8 SYSTEMPATH\CodeIgniter.php(355): CodeIgniter\CodeIgniter->handleRequest(null, Object(Config\Cache), false)
 9 SYSTEMPATH\Boot.php(325): CodeIgniter\CodeIgniter->run()
10 SYSTEMPATH\Boot.php(67): CodeIgniter\Boot::runCodeIgniter(Object(CodeIgniter\CodeIgniter))
11 FCPATH\index.php(56): CodeIgniter\Boot::bootWeb(Object(Config\Paths))
12 SYSTEMPATH\rewrite.php(44): require_once('C:\\xampp\\htdocs\\radiologi2\\public\\index.php')
CRITICAL - 2024-09-23 01:25:03 --> ErrorException: Undefined array key "name"
[Method: POST, Route: radiologer/addPatient]
in APPPATH\Views\add_patient.php on line 43.
 1 APPPATH\Views\add_patient.php(43): CodeIgniter\Debug\Exceptions->errorHandler(2, 'Undefined array key "name"', 'C:\\xampp\\htdocs\\radiologi2\\app\\Views\\add_patient.php', 43)
 2 SYSTEMPATH\View\View.php(234): include('C:\\xampp\\htdocs\\radiologi2\\app\\Views\\add_patient.php')
 3 SYSTEMPATH\View\View.php(237): CodeIgniter\View\View->CodeIgniter\View\{closure}()
 4 SYSTEMPATH\Common.php(1169): CodeIgniter\View\View->render('add_patient', [], true)
 5 APPPATH\Controllers\ImageController.php(48): view('add_patient', [...])
 6 SYSTEMPATH\CodeIgniter.php(933): App\Controllers\ImageController->addPatient()
 7 SYSTEMPATH\CodeIgniter.php(509): CodeIgniter\CodeIgniter->runController(Object(App\Controllers\ImageController))
 8 SYSTEMPATH\CodeIgniter.php(355): CodeIgniter\CodeIgniter->handleRequest(null, Object(Config\Cache), false)
 9 SYSTEMPATH\Boot.php(325): CodeIgniter\CodeIgniter->run()
10 SYSTEMPATH\Boot.php(67): CodeIgniter\Boot::runCodeIgniter(Object(CodeIgniter\CodeIgniter))
11 FCPATH\index.php(56): CodeIgniter\Boot::bootWeb(Object(Config\Paths))
12 SYSTEMPATH\rewrite.php(44): require_once('C:\\xampp\\htdocs\\radiologi2\\public\\index.php')
CRITICAL - 2024-09-23 01:25:17 --> ErrorException: Undefined array key "name"
[Method: POST, Route: radiologer/addPatient]
in APPPATH\Views\add_patient.php on line 43.
 1 APPPATH\Views\add_patient.php(43): CodeIgniter\Debug\Exceptions->errorHandler(2, 'Undefined array key "name"', 'C:\\xampp\\htdocs\\radiologi2\\app\\Views\\add_patient.php', 43)
 2 SYSTEMPATH\View\View.php(234): include('C:\\xampp\\htdocs\\radiologi2\\app\\Views\\add_patient.php')
 3 SYSTEMPATH\View\View.php(237): CodeIgniter\View\View->CodeIgniter\View\{closure}()
 4 SYSTEMPATH\Common.php(1169): CodeIgniter\View\View->render('add_patient', [], true)
 5 APPPATH\Controllers\ImageController.php(48): view('add_patient', [...])
 6 SYSTEMPATH\CodeIgniter.php(933): App\Controllers\ImageController->addPatient()
 7 SYSTEMPATH\CodeIgniter.php(509): CodeIgniter\CodeIgniter->runController(Object(App\Controllers\ImageController))
 8 SYSTEMPATH\CodeIgniter.php(355): CodeIgniter\CodeIgniter->handleRequest(null, Object(Config\Cache), false)
 9 SYSTEMPATH\Boot.php(325): CodeIgniter\CodeIgniter->run()
10 SYSTEMPATH\Boot.php(67): CodeIgniter\Boot::runCodeIgniter(Object(CodeIgniter\CodeIgniter))
11 FCPATH\index.php(56): CodeIgniter\Boot::bootWeb(Object(Config\Paths))
12 SYSTEMPATH\rewrite.php(44): require_once('C:\\xampp\\htdocs\\radiologi2\\public\\index.php')
CRITICAL - 2024-09-23 01:25:28 --> ErrorException: Undefined array key "name"
[Method: POST, Route: radiologer/addPatient]
in APPPATH\Views\add_patient.php on line 43.
 1 APPPATH\Views\add_patient.php(43): CodeIgniter\Debug\Exceptions->errorHandler(2, 'Undefined array key "name"', 'C:\\xampp\\htdocs\\radiologi2\\app\\Views\\add_patient.php', 43)
 2 SYSTEMPATH\View\View.php(234): include('C:\\xampp\\htdocs\\radiologi2\\app\\Views\\add_patient.php')
 3 SYSTEMPATH\View\View.php(237): CodeIgniter\View\View->CodeIgniter\View\{closure}()
 4 SYSTEMPATH\Common.php(1169): CodeIgniter\View\View->render('add_patient', [], true)
 5 APPPATH\Controllers\ImageController.php(48): view('add_patient', [...])
 6 SYSTEMPATH\CodeIgniter.php(933): App\Controllers\ImageController->addPatient()
 7 SYSTEMPATH\CodeIgniter.php(509): CodeIgniter\CodeIgniter->runController(Object(App\Controllers\ImageController))
 8 SYSTEMPATH\CodeIgniter.php(355): CodeIgniter\CodeIgniter->handleRequest(null, Object(Config\Cache), false)
 9 SYSTEMPATH\Boot.php(325): CodeIgniter\CodeIgniter->run()
10 SYSTEMPATH\Boot.php(67): CodeIgniter\Boot::runCodeIgniter(Object(CodeIgniter\CodeIgniter))
11 FCPATH\index.php(56): CodeIgniter\Boot::bootWeb(Object(Config\Paths))
12 SYSTEMPATH\rewrite.php(44): require_once('C:\\xampp\\htdocs\\radiologi2\\public\\index.php')
ERROR - 2024-09-23 02:09:28 --> mysqli_sql_exception: Unknown column 'users.username' in 'field list' in C:\xampp\htdocs\radiologi2\system\Database\MySQLi\Connection.php:312
Stack trace:
#0 C:\xampp\htdocs\radiologi2\system\Database\MySQLi\Connection.php(312): mysqli->query('SELECT `images`...', 0)
#1 C:\xampp\htdocs\radiologi2\system\Database\BaseConnection.php(734): CodeIgniter\Database\MySQLi\Connection->execute('SELECT `images`...')
#2 C:\xampp\htdocs\radiologi2\system\Database\BaseConnection.php(648): CodeIgniter\Database\BaseConnection->simpleQuery('SELECT `images`...')
#3 C:\xampp\htdocs\radiologi2\system\Database\BaseBuilder.php(1644): CodeIgniter\Database\BaseConnection->query('SELECT `images`...', Array, false)
#4 C:\xampp\htdocs\radiologi2\system\Model.php(286): CodeIgniter\Database\BaseBuilder->get()
#5 C:\xampp\htdocs\radiologi2\system\BaseModel.php(676): CodeIgniter\Model->doFindAll(0, 0)
#6 C:\xampp\htdocs\radiologi2\app\Controllers\ImageController.php(21): CodeIgniter\BaseModel->findAll()
#7 C:\xampp\htdocs\radiologi2\system\CodeIgniter.php(933): App\Controllers\ImageController->index()
#8 C:\xampp\htdocs\radiologi2\system\CodeIgniter.php(509): CodeIgniter\CodeIgniter->runController(Object(App\Controllers\ImageController))
#9 C:\xampp\htdocs\radiologi2\system\CodeIgniter.php(355): CodeIgniter\CodeIgniter->handleRequest(NULL, Object(Config\Cache), false)
#10 C:\xampp\htdocs\radiologi2\system\Boot.php(325): CodeIgniter\CodeIgniter->run()
#11 C:\xampp\htdocs\radiologi2\system\Boot.php(67): CodeIgniter\Boot::runCodeIgniter(Object(CodeIgniter\CodeIgniter))
#12 C:\xampp\htdocs\radiologi2\public\index.php(56): CodeIgniter\Boot::bootWeb(Object(Config\Paths))
#13 C:\xampp\htdocs\radiologi2\system\rewrite.php(44): require_once('C:\\xampp\\htdocs...')
#14 {main}
CRITICAL - 2024-09-23 02:09:28 --> CodeIgniter\Database\Exceptions\DatabaseException: Unknown column 'users.username' in 'field list'
[Method: GET, Route: radiologer]
in SYSTEMPATH\Database\BaseConnection.php on line 688.
 1 SYSTEMPATH\Database\BaseBuilder.php(1644): CodeIgniter\Database\BaseConnection->query('SELECT `images`.*, `patients`.`name` as `patient_name`, `users`.`username` as `radiologer_name`
FROM `images`
JOIN `patients` ON `patients`.`id` = `images`.`patient_id`
JOIN `users` ON `users`.`id` = `images`.`radiologist_id`', [], false)
 2 SYSTEMPATH\Model.php(286): CodeIgniter\Database\BaseBuilder->get()
 3 SYSTEMPATH\BaseModel.php(676): CodeIgniter\Model->doFindAll(0, 0)
 4 APPPATH\Controllers\ImageController.php(21): CodeIgniter\BaseModel->findAll()
 5 SYSTEMPATH\CodeIgniter.php(933): App\Controllers\ImageController->index()
 6 SYSTEMPATH\CodeIgniter.php(509): CodeIgniter\CodeIgniter->runController(Object(App\Controllers\ImageController))
 7 SYSTEMPATH\CodeIgniter.php(355): CodeIgniter\CodeIgniter->handleRequest(null, Object(Config\Cache), false)
 8 SYSTEMPATH\Boot.php(325): CodeIgniter\CodeIgniter->run()
 9 SYSTEMPATH\Boot.php(67): CodeIgniter\Boot::runCodeIgniter(Object(CodeIgniter\CodeIgniter))
10 FCPATH\index.php(56): CodeIgniter\Boot::bootWeb(Object(Config\Paths))
11 SYSTEMPATH\rewrite.php(44): require_once('C:\\xampp\\htdocs\\radiologi2\\public\\index.php')
CRITICAL - 2024-09-23 02:09:28 --> [Caused by] CodeIgniter\Database\Exceptions\DatabaseException: Unknown column 'users.username' in 'field list'
in SYSTEMPATH\Database\MySQLi\Connection.php on line 317.
 1 SYSTEMPATH\Database\BaseConnection.php(734): CodeIgniter\Database\MySQLi\Connection->execute('SELECT `images`.*, `patients`.`name` as `patient_name`, `users`.`username` as `radiologer_name`
FROM `images`
JOIN `patients` ON `patients`.`id` = `images`.`patient_id`
JOIN `users` ON `users`.`id` = `images`.`radiologist_id`')
 2 SYSTEMPATH\Database\BaseConnection.php(648): CodeIgniter\Database\BaseConnection->simpleQuery('SELECT `images`.*, `patients`.`name` as `patient_name`, `users`.`username` as `radiologer_name`
FROM `images`
JOIN `patients` ON `patients`.`id` = `images`.`patient_id`
JOIN `users` ON `users`.`id` = `images`.`radiologist_id`')
 3 SYSTEMPATH\Database\BaseBuilder.php(1644): CodeIgniter\Database\BaseConnection->query('SELECT `images`.*, `patients`.`name` as `patient_name`, `users`.`username` as `radiologer_name`
FROM `images`
JOIN `patients` ON `patients`.`id` = `images`.`patient_id`
JOIN `users` ON `users`.`id` = `images`.`radiologist_id`', [], false)
 4 SYSTEMPATH\Model.php(286): CodeIgniter\Database\BaseBuilder->get()
 5 SYSTEMPATH\BaseModel.php(676): CodeIgniter\Model->doFindAll(0, 0)
 6 APPPATH\Controllers\ImageController.php(21): CodeIgniter\BaseModel->findAll()
 7 SYSTEMPATH\CodeIgniter.php(933): App\Controllers\ImageController->index()
 8 SYSTEMPATH\CodeIgniter.php(509): CodeIgniter\CodeIgniter->runController(Object(App\Controllers\ImageController))
 9 SYSTEMPATH\CodeIgniter.php(355): CodeIgniter\CodeIgniter->handleRequest(null, Object(Config\Cache), false)
10 SYSTEMPATH\Boot.php(325): CodeIgniter\CodeIgniter->run()
11 SYSTEMPATH\Boot.php(67): CodeIgniter\Boot::runCodeIgniter(Object(CodeIgniter\CodeIgniter))
12 FCPATH\index.php(56): CodeIgniter\Boot::bootWeb(Object(Config\Paths))
13 SYSTEMPATH\rewrite.php(44): require_once('C:\\xampp\\htdocs\\radiologi2\\public\\index.php')
CRITICAL - 2024-09-23 02:09:28 --> [Caused by] mysqli_sql_exception: Unknown column 'users.username' in 'field list'
in SYSTEMPATH\Database\MySQLi\Connection.php on line 312.
 1 SYSTEMPATH\Database\MySQLi\Connection.php(312): mysqli->query('SELECT `images`.*, `patients`.`name` as `patient_name`, `users`.`username` as `radiologer_name`
FROM `images`
JOIN `patients` ON `patients`.`id` = `images`.`patient_id`
JOIN `users` ON `users`.`id` = `images`.`radiologist_id`', 0)
 2 SYSTEMPATH\Database\BaseConnection.php(734): CodeIgniter\Database\MySQLi\Connection->execute('SELECT `images`.*, `patients`.`name` as `patient_name`, `users`.`username` as `radiologer_name`
FROM `images`
JOIN `patients` ON `patients`.`id` = `images`.`patient_id`
JOIN `users` ON `users`.`id` = `images`.`radiologist_id`')
 3 SYSTEMPATH\Database\BaseConnection.php(648): CodeIgniter\Database\BaseConnection->simpleQuery('SELECT `images`.*, `patients`.`name` as `patient_name`, `users`.`username` as `radiologer_name`
FROM `images`
JOIN `patients` ON `patients`.`id` = `images`.`patient_id`
JOIN `users` ON `users`.`id` = `images`.`radiologist_id`')
 4 SYSTEMPATH\Database\BaseBuilder.php(1644): CodeIgniter\Database\BaseConnection->query('SELECT `images`.*, `patients`.`name` as `patient_name`, `users`.`username` as `radiologer_name`
FROM `images`
JOIN `patients` ON `patients`.`id` = `images`.`patient_id`
JOIN `users` ON `users`.`id` = `images`.`radiologist_id`', [], false)
 5 SYSTEMPATH\Model.php(286): CodeIgniter\Database\BaseBuilder->get()
 6 SYSTEMPATH\BaseModel.php(676): CodeIgniter\Model->doFindAll(0, 0)
 7 APPPATH\Controllers\ImageController.php(21): CodeIgniter\BaseModel->findAll()
 8 SYSTEMPATH\CodeIgniter.php(933): App\Controllers\ImageController->index()
 9 SYSTEMPATH\CodeIgniter.php(509): CodeIgniter\CodeIgniter->runController(Object(App\Controllers\ImageController))
10 SYSTEMPATH\CodeIgniter.php(355): CodeIgniter\CodeIgniter->handleRequest(null, Object(Config\Cache), false)
11 SYSTEMPATH\Boot.php(325): CodeIgniter\CodeIgniter->run()
12 SYSTEMPATH\Boot.php(67): CodeIgniter\Boot::runCodeIgniter(Object(CodeIgniter\CodeIgniter))
13 FCPATH\index.php(56): CodeIgniter\Boot::bootWeb(Object(Config\Paths))
14 SYSTEMPATH\rewrite.php(44): require_once('C:\\xampp\\htdocs\\radiologi2\\public\\index.php')
CRITICAL - 2024-09-23 02:09:50 --> ErrorException: Undefined array key "name"
[Method: POST, Route: radiologer/addPatient]
in APPPATH\Views\add_patient.php on line 43.
 1 APPPATH\Views\add_patient.php(43): CodeIgniter\Debug\Exceptions->errorHandler(2, 'Undefined array key "name"', 'C:\\xampp\\htdocs\\radiologi2\\app\\Views\\add_patient.php', 43)
 2 SYSTEMPATH\View\View.php(234): include('C:\\xampp\\htdocs\\radiologi2\\app\\Views\\add_patient.php')
 3 SYSTEMPATH\View\View.php(237): CodeIgniter\View\View->CodeIgniter\View\{closure}()
 4 SYSTEMPATH\Common.php(1169): CodeIgniter\View\View->render('add_patient', [], true)
 5 APPPATH\Controllers\ImageController.php(48): view('add_patient', [...])
 6 SYSTEMPATH\CodeIgniter.php(933): App\Controllers\ImageController->addPatient()
 7 SYSTEMPATH\CodeIgniter.php(509): CodeIgniter\CodeIgniter->runController(Object(App\Controllers\ImageController))
 8 SYSTEMPATH\CodeIgniter.php(355): CodeIgniter\CodeIgniter->handleRequest(null, Object(Config\Cache), false)
 9 SYSTEMPATH\Boot.php(325): CodeIgniter\CodeIgniter->run()
10 SYSTEMPATH\Boot.php(67): CodeIgniter\Boot::runCodeIgniter(Object(CodeIgniter\CodeIgniter))
11 FCPATH\index.php(56): CodeIgniter\Boot::bootWeb(Object(Config\Paths))
12 SYSTEMPATH\rewrite.php(44): require_once('C:\\xampp\\htdocs\\radiologi2\\public\\index.php')
CRITICAL - 2024-09-23 02:33:20 --> ErrorException: Undefined variable $patients
[Method: POST, Route: radiologer/addPatient]
in APPPATH\Views\add_patient.php on line 27.
 1 APPPATH\Views\add_patient.php(27): CodeIgniter\Debug\Exceptions->errorHandler(2, 'Undefined variable $patients', 'C:\\xampp\\htdocs\\radiologi2\\app\\Views\\add_patient.php', 27)
 2 SYSTEMPATH\View\View.php(234): include('C:\\xampp\\htdocs\\radiologi2\\app\\Views\\add_patient.php')
 3 SYSTEMPATH\View\View.php(237): CodeIgniter\View\View->CodeIgniter\View\{closure}()
 4 SYSTEMPATH\Common.php(1169): CodeIgniter\View\View->render('add_patient', [], true)
 5 APPPATH\Controllers\ImageController.php(48): view('add_patient', [...])
 6 SYSTEMPATH\CodeIgniter.php(933): App\Controllers\ImageController->addPatient()
 7 SYSTEMPATH\CodeIgniter.php(509): CodeIgniter\CodeIgniter->runController(Object(App\Controllers\ImageController))
 8 SYSTEMPATH\CodeIgniter.php(355): CodeIgniter\CodeIgniter->handleRequest(null, Object(Config\Cache), false)
 9 SYSTEMPATH\Boot.php(325): CodeIgniter\CodeIgniter->run()
10 SYSTEMPATH\Boot.php(67): CodeIgniter\Boot::runCodeIgniter(Object(CodeIgniter\CodeIgniter))
11 FCPATH\index.php(56): CodeIgniter\Boot::bootWeb(Object(Config\Paths))
12 SYSTEMPATH\rewrite.php(44): require_once('C:\\xampp\\htdocs\\radiologi2\\public\\index.php')
CRITICAL - 2024-09-23 02:35:17 --> ErrorException: Undefined variable $patients
[Method: POST, Route: radiologer/addPatient]
in APPPATH\Views\add_patient.php on line 27.
 1 APPPATH\Views\add_patient.php(27): CodeIgniter\Debug\Exceptions->errorHandler(2, 'Undefined variable $patients', 'C:\\xampp\\htdocs\\radiologi2\\app\\Views\\add_patient.php', 27)
 2 SYSTEMPATH\View\View.php(234): include('C:\\xampp\\htdocs\\radiologi2\\app\\Views\\add_patient.php')
 3 SYSTEMPATH\View\View.php(237): CodeIgniter\View\View->CodeIgniter\View\{closure}()
 4 SYSTEMPATH\Common.php(1169): CodeIgniter\View\View->render('add_patient', [], true)
 5 APPPATH\Controllers\ImageController.php(48): view('add_patient', [...])
 6 SYSTEMPATH\CodeIgniter.php(933): App\Controllers\ImageController->addPatient()
 7 SYSTEMPATH\CodeIgniter.php(509): CodeIgniter\CodeIgniter->runController(Object(App\Controllers\ImageController))
 8 SYSTEMPATH\CodeIgniter.php(355): CodeIgniter\CodeIgniter->handleRequest(null, Object(Config\Cache), false)
 9 SYSTEMPATH\Boot.php(325): CodeIgniter\CodeIgniter->run()
10 SYSTEMPATH\Boot.php(67): CodeIgniter\Boot::runCodeIgniter(Object(CodeIgniter\CodeIgniter))
11 FCPATH\index.php(56): CodeIgniter\Boot::bootWeb(Object(Config\Paths))
12 SYSTEMPATH\rewrite.php(44): require_once('C:\\xampp\\htdocs\\radiologi2\\public\\index.php')
