ERROR - 2024-09-19 03:05:47 --> Error connecting to the database: mysqli_sql_exception: No connection could be made because the target machine actively refused it in C:\xampp\htdocs\radiologi2\system\Database\MySQLi\Connection.php:186
Stack trace:
#0 C:\xampp\htdocs\radiologi2\system\Database\MySQLi\Connection.php(186): mysqli->real_connect('localhost', 'root', Object(SensitiveParameterValue), 'User', 3306, '', 0)
#1 C:\xampp\htdocs\radiologi2\system\Database\BaseConnection.php(421): CodeIgniter\Database\MySQLi\Connection->connect(false)
#2 C:\xampp\htdocs\radiologi2\system\Database\BaseConnection.php(616): CodeIgniter\Database\BaseConnection->initialize()
#3 C:\xampp\htdocs\radiologi2\system\Database\BaseBuilder.php(1644): CodeIgniter\Database\BaseConnection->query('SELECT `patient...', Array, false)
#4 C:\xampp\htdocs\radiologi2\app\Models\PatientModel.php(23): CodeIgniter\Database\BaseBuilder->get()
#5 C:\xampp\htdocs\radiologi2\app\Controllers\Dashboard.php(40): App\Models\PatientModel->getPatientsWithDoctor()
#6 C:\xampp\htdocs\radiologi2\app\Controllers\Dashboard.php(27): App\Controllers\Dashboard->getPatientsForRadiologer()
#7 C:\xampp\htdocs\radiologi2\system\CodeIgniter.php(933): App\Controllers\Dashboard->index()
#8 C:\xampp\htdocs\radiologi2\system\CodeIgniter.php(509): CodeIgniter\CodeIgniter->runController(Object(App\Controllers\Dashboard))
#9 C:\xampp\htdocs\radiologi2\system\CodeIgniter.php(355): CodeIgniter\CodeIgniter->handleRequest(NULL, Object(Config\Cache), false)
#10 C:\xampp\htdocs\radiologi2\system\Boot.php(325): CodeIgniter\CodeIgniter->run()
#11 C:\xampp\htdocs\radiologi2\system\Boot.php(67): CodeIgniter\Boot::runCodeIgniter(Object(CodeIgniter\CodeIgniter))
#12 C:\xampp\htdocs\radiologi2\public\index.php(56): CodeIgniter\Boot::bootWeb(Object(Config\Paths))
#13 C:\xampp\htdocs\radiologi2\system\rewrite.php(44): require_once('C:\\xampp\\htdocs...')
#14 {main}

Next CodeIgniter\Database\Exceptions\DatabaseException: No connection could be made because the target machine actively refused it in C:\xampp\htdocs\radiologi2\system\Database\MySQLi\Connection.php:231
Stack trace:
#0 C:\xampp\htdocs\radiologi2\system\Database\BaseConnection.php(421): CodeIgniter\Database\MySQLi\Connection->connect(false)
#1 C:\xampp\htdocs\radiologi2\system\Database\BaseConnection.php(616): CodeIgniter\Database\BaseConnection->initialize()
#2 C:\xampp\htdocs\radiologi2\system\Database\BaseBuilder.php(1644): CodeIgniter\Database\BaseConnection->query('SELECT `patient...', Array, false)
#3 C:\xampp\htdocs\radiologi2\app\Models\PatientModel.php(23): CodeIgniter\Database\BaseBuilder->get()
#4 C:\xampp\htdocs\radiologi2\app\Controllers\Dashboard.php(40): App\Models\PatientModel->getPatientsWithDoctor()
#5 C:\xampp\htdocs\radiologi2\app\Controllers\Dashboard.php(27): App\Controllers\Dashboard->getPatientsForRadiologer()
#6 C:\xampp\htdocs\radiologi2\system\CodeIgniter.php(933): App\Controllers\Dashboard->index()
#7 C:\xampp\htdocs\radiologi2\system\CodeIgniter.php(509): CodeIgniter\CodeIgniter->runController(Object(App\Controllers\Dashboard))
#8 C:\xampp\htdocs\radiologi2\system\CodeIgniter.php(355): CodeIgniter\CodeIgniter->handleRequest(NULL, Object(Config\Cache), false)
#9 C:\xampp\htdocs\radiologi2\system\Boot.php(325): CodeIgniter\CodeIgniter->run()
#10 C:\xampp\htdocs\radiologi2\system\Boot.php(67): CodeIgniter\Boot::runCodeIgniter(Object(CodeIgniter\CodeIgniter))
#11 C:\xampp\htdocs\radiologi2\public\index.php(56): CodeIgniter\Boot::bootWeb(Object(Config\Paths))
#12 C:\xampp\htdocs\radiologi2\system\rewrite.php(44): require_once('C:\\xampp\\htdocs...')
#13 {main}
CRITICAL - 2024-09-19 03:05:47 --> CodeIgniter\Database\Exceptions\DatabaseException: Unable to connect to the database.
Main connection [MySQLi]: No connection could be made because the target machine actively refused it
[Method: GET, Route: dashboard]
in SYSTEMPATH\Database\BaseConnection.php on line 467.
 1 SYSTEMPATH\Database\BaseConnection.php(616): CodeIgniter\Database\BaseConnection->initialize()
 2 SYSTEMPATH\Database\BaseBuilder.php(1644): CodeIgniter\Database\BaseConnection->query('SELECT `patients`.`id`, `patients`.`name`, `patients`.`date_of_birth`, `patients`.`created_at`, `users`.`email` as `doctor_name`
FROM `patients`
LEFT JOIN `users` ON `patients`.`doctor_id` = `users`.`id`', [], false)
 3 APPPATH\Models\PatientModel.php(23): CodeIgniter\Database\BaseBuilder->get()
 4 APPPATH\Controllers\Dashboard.php(40): App\Models\PatientModel->getPatientsWithDoctor()
 5 APPPATH\Controllers\Dashboard.php(27): App\Controllers\Dashboard->getPatientsForRadiologer()
 6 SYSTEMPATH\CodeIgniter.php(933): App\Controllers\Dashboard->index()
 7 SYSTEMPATH\CodeIgniter.php(509): CodeIgniter\CodeIgniter->runController(Object(App\Controllers\Dashboard))
 8 SYSTEMPATH\CodeIgniter.php(355): CodeIgniter\CodeIgniter->handleRequest(null, Object(Config\Cache), false)
 9 SYSTEMPATH\Boot.php(325): CodeIgniter\CodeIgniter->run()
10 SYSTEMPATH\Boot.php(67): CodeIgniter\Boot::runCodeIgniter(Object(CodeIgniter\CodeIgniter))
11 FCPATH\index.php(56): CodeIgniter\Boot::bootWeb(Object(Config\Paths))
12 SYSTEMPATH\rewrite.php(44): require_once('C:\\xampp\\htdocs\\radiologi2\\public\\index.php')
